2022-08-11 13:38:13|536.666µs|403|POST|/api/user|192.168.82.55|164 B|0 B|----------------------------617867476599327198468460
Content-Disposition: form-data; name="full_name"


----------------------------617867476599327198468460--
|
2022-08-11 13:39:08|121.625µs|403|POST|/api/user|192.168.82.55|397 B|0 B|----------------------------603966962052945079973759
Content-Disposition: form-data; name="full_name"

Ali
----------------------------603966962052945079973759
Content-Disposition: form-data; name="email"

ali@gmail.com
----------------------------603966962052945079973759
Content-Disposition: form-data; name="password"

123456
----------------------------603966962052945079973759--
|
2022-08-11 13:39:47|113.083µs|403|POST|/api/user|192.168.82.55|84 B|0 B|{"full_name":"Ali","email":"ali@gmail.com","password":"123456"}|
2022-08-11 13:40:35|6.2855ms|201|POST|/api/user|192.168.82.55|0 B|167 B||
2022-08-11 13:40:58|3.487ms|201|POST|/api/user/login|192.168.82.55|0 B|231 B||
2022-08-12 23:58:48|1.063583ms|400|POST|/api/user|127.0.0.1|0 B|3 B|error(EOF)|
2022-08-12 23:58:49|1.187ms|400|POST|/api/user|127.0.0.1|0 B|3 B|error(EOF)|
2022-08-12 23:58:49|296.542µs|400|POST|/api/user|127.0.0.1|0 B|3 B|error(EOF)|
2022-08-12 23:58:50|73.708µs|400|POST|/api/user|127.0.0.1|0 B|3 B|error(EOF)|
2022-08-12 23:58:53|73.708µs|400|POST|/api/user|127.0.0.1|0 B|3 B|error(EOF)|
2022-08-12 23:59:22|7.523666ms|201|POST|/api/user|127.0.0.1|0 B|166 B||
2022-08-12 23:59:26|1.747541ms|200|POST|/api/user|127.0.0.1|0 B|0 B||
2022-08-13 09:18:22|672.458µs|404|POST|/|127.0.0.1|0 B|9 B||
2022-08-13 09:18:23|33.166µs|404|POST|/|127.0.0.1|0 B|9 B||
2022-08-13 09:18:28|22.834µs|404|POST|/api/todo|127.0.0.1|0 B|9 B||
2022-08-13 09:18:29|32.333µs|404|POST|/api/todo|127.0.0.1|0 B|9 B||
2022-08-13 09:18:37|2.062042ms|400|POST|/api/user|127.0.0.1|0 B|3 B|error(EOF)|
2022-08-13 09:18:38|294.125µs|400|POST|/api/user|127.0.0.1|0 B|3 B|error(EOF)|
2022-08-13 09:18:38|55.291µs|400|POST|/api/user|127.0.0.1|0 B|3 B|error(EOF)|
2022-08-13 09:18:38|76.833µs|400|POST|/api/user|127.0.0.1|0 B|3 B|error(EOF)|
2022-08-13 09:19:03|6.209667ms|200|POST|/api/user|127.0.0.1|0 B|0 B||
2022-08-13 09:19:07|2.874834ms|201|POST|/api/user|127.0.0.1|0 B|171 B||
2022-08-13 09:19:13|792.208µs|200|POST|/api/user|127.0.0.1|0 B|0 B||
2022-08-13 09:19:14|766.291µs|200|POST|/api/user|127.0.0.1|0 B|0 B||
2022-08-13 09:19:14|696.125µs|200|POST|/api/user|127.0.0.1|0 B|0 B||
2022-08-13 09:19:14|642.5µs|200|POST|/api/user|127.0.0.1|0 B|0 B||
2022-08-13 09:19:14|554.459µs|200|POST|/api/user|127.0.0.1|0 B|0 B||
2022-08-13 09:19:14|719.375µs|200|POST|/api/user|127.0.0.1|0 B|0 B||
2022-08-13 09:19:15|704.292µs|200|POST|/api/user|127.0.0.1|0 B|0 B||
2022-08-13 09:19:15|714.542µs|200|POST|/api/user|127.0.0.1|0 B|0 B||
2022-08-13 09:19:50|50.666µs|307|POST|/api/|127.0.0.1|401 B|0 B|----------------------------983996897051956827359241
Content-Disposition: form-data; name="full_name"

efkk
----------------------------983996897051956827359241
Content-Disposition: form-data; name="password"

sdkkds
----------------------------983996897051956827359241
Content-Disposition: form-data; name="email"

sai23f@gmail.com
----------------------------983996897051956827359241--
|
2022-08-13 09:20:02|32.584µs|404|POST|/api/todo|127.0.0.1|401 B|9 B|----------------------------777515010052340883513520
Content-Disposition: form-data; name="full_name"

efkk
----------------------------777515010052340883513520
Content-Disposition: form-data; name="password"

sdkkds
----------------------------777515010052340883513520
Content-Disposition: form-data; name="email"

sai23f@gmail.com
----------------------------777515010052340883513520--
|
2022-08-13 09:20:03|44.291µs|404|POST|/api/todo|127.0.0.1|401 B|9 B|----------------------------347047612064067830987208
Content-Disposition: form-data; name="full_name"

efkk
----------------------------347047612064067830987208
Content-Disposition: form-data; name="password"

sdkkds
----------------------------347047612064067830987208
Content-Disposition: form-data; name="email"

sai23f@gmail.com
----------------------------347047612064067830987208--
|
2022-08-13 09:20:03|39.541µs|404|POST|/api/todo|127.0.0.1|401 B|9 B|----------------------------593923449843786167136281
Content-Disposition: form-data; name="full_name"

efkk
----------------------------593923449843786167136281
Content-Disposition: form-data; name="password"

sdkkds
----------------------------593923449843786167136281
Content-Disposition: form-data; name="email"

sai23f@gmail.com
----------------------------593923449843786167136281--
|
2022-08-13 09:20:03|32.834µs|404|POST|/api/todo|127.0.0.1|401 B|9 B|----------------------------656377365039857422086304
Content-Disposition: form-data; name="full_name"

efkk
----------------------------656377365039857422086304
Content-Disposition: form-data; name="password"

sdkkds
----------------------------656377365039857422086304
Content-Disposition: form-data; name="email"

sai23f@gmail.com
----------------------------656377365039857422086304--
|
2022-08-13 09:20:04|33.375µs|404|POST|/api/todo|127.0.0.1|401 B|9 B|----------------------------139143121538202845341916
Content-Disposition: form-data; name="full_name"

efkk
----------------------------139143121538202845341916
Content-Disposition: form-data; name="password"

sdkkds
----------------------------139143121538202845341916
Content-Disposition: form-data; name="email"

sai23f@gmail.com
----------------------------139143121538202845341916--
|
2022-08-13 09:20:04|32.708µs|404|POST|/api/todo|127.0.0.1|401 B|9 B|----------------------------374468446181743295016036
Content-Disposition: form-data; name="full_name"

efkk
----------------------------374468446181743295016036
Content-Disposition: form-data; name="password"

sdkkds
----------------------------374468446181743295016036
Content-Disposition: form-data; name="email"

sai23f@gmail.com
----------------------------374468446181743295016036--
|
2022-08-13 09:20:04|32.833µs|404|POST|/api/todo|127.0.0.1|401 B|9 B|----------------------------441661848209238953739503
Content-Disposition: form-data; name="full_name"

efkk
----------------------------441661848209238953739503
Content-Disposition: form-data; name="password"

sdkkds
----------------------------441661848209238953739503
Content-Disposition: form-data; name="email"

sai23f@gmail.com
----------------------------441661848209238953739503--
|
2022-08-13 09:20:04|24.583µs|404|POST|/api/todo|127.0.0.1|401 B|9 B|----------------------------252570380251537871207090
Content-Disposition: form-data; name="full_name"

efkk
----------------------------252570380251537871207090
Content-Disposition: form-data; name="password"

sdkkds
----------------------------252570380251537871207090
Content-Disposition: form-data; name="email"

sai23f@gmail.com
----------------------------252570380251537871207090--
|
2022-08-13 09:20:04|660.125µs|404|POST|/api/todo|127.0.0.1|401 B|9 B|----------------------------292823942189969578998273
Content-Disposition: form-data; name="full_name"

efkk
----------------------------292823942189969578998273
Content-Disposition: form-data; name="password"

sdkkds
----------------------------292823942189969578998273
Content-Disposition: form-data; name="email"

sai23f@gmail.com
----------------------------292823942189969578998273--
|
2022-08-13 09:20:05|31.458µs|404|POST|/api/todo|127.0.0.1|401 B|9 B|----------------------------212489778997401626019791
Content-Disposition: form-data; name="full_name"

efkk
----------------------------212489778997401626019791
Content-Disposition: form-data; name="password"

sdkkds
----------------------------212489778997401626019791
Content-Disposition: form-data; name="email"

sai23f@gmail.com
----------------------------212489778997401626019791--
|
2022-08-13 09:20:05|36.167µs|404|POST|/api/todo|127.0.0.1|401 B|9 B|----------------------------687894276224592125824477
Content-Disposition: form-data; name="full_name"

efkk
----------------------------687894276224592125824477
Content-Disposition: form-data; name="password"

sdkkds
----------------------------687894276224592125824477
Content-Disposition: form-data; name="email"

sai23f@gmail.com
----------------------------687894276224592125824477--
|
2022-08-13 09:20:05|38.375µs|404|POST|/api/todo|127.0.0.1|401 B|9 B|----------------------------420347292903506445454638
Content-Disposition: form-data; name="full_name"

efkk
----------------------------420347292903506445454638
Content-Disposition: form-data; name="password"

sdkkds
----------------------------420347292903506445454638
Content-Disposition: form-data; name="email"

sai23f@gmail.com
----------------------------420347292903506445454638--
|
2022-08-13 09:20:05|29µs|404|POST|/api/todo|127.0.0.1|401 B|9 B|----------------------------556570431135298678460473
Content-Disposition: form-data; name="full_name"

efkk
----------------------------556570431135298678460473
Content-Disposition: form-data; name="password"

sdkkds
----------------------------556570431135298678460473
Content-Disposition: form-data; name="email"

sai23f@gmail.com
----------------------------556570431135298678460473--
|
2022-08-13 09:20:05|35.125µs|404|POST|/api/todo|127.0.0.1|401 B|9 B|----------------------------925102332759631559524354
Content-Disposition: form-data; name="full_name"

efkk
----------------------------925102332759631559524354
Content-Disposition: form-data; name="password"

sdkkds
----------------------------925102332759631559524354
Content-Disposition: form-data; name="email"

sai23f@gmail.com
----------------------------925102332759631559524354--
|
2022-08-13 09:20:05|36.542µs|404|POST|/api/todo|127.0.0.1|401 B|9 B|----------------------------386932552301010373357221
Content-Disposition: form-data; name="full_name"

efkk
----------------------------386932552301010373357221
Content-Disposition: form-data; name="password"

sdkkds
----------------------------386932552301010373357221
Content-Disposition: form-data; name="email"

sai23f@gmail.com
----------------------------386932552301010373357221--
|
2022-08-13 09:20:06|52.709µs|404|POST|/api/todo|127.0.0.1|401 B|9 B|----------------------------472544520047520392546337
Content-Disposition: form-data; name="full_name"

efkk
----------------------------472544520047520392546337
Content-Disposition: form-data; name="password"

sdkkds
----------------------------472544520047520392546337
Content-Disposition: form-data; name="email"

sai23f@gmail.com
----------------------------472544520047520392546337--
|
2022-08-13 09:20:06|19.958µs|404|POST|/api/todo|127.0.0.1|401 B|9 B|----------------------------924516811546689895040186
Content-Disposition: form-data; name="full_name"

efkk
----------------------------924516811546689895040186
Content-Disposition: form-data; name="password"

sdkkds
----------------------------924516811546689895040186
Content-Disposition: form-data; name="email"

sai23f@gmail.com
----------------------------924516811546689895040186--
|
2022-08-13 09:20:06|24.834µs|404|POST|/api/todo|127.0.0.1|401 B|9 B|----------------------------175522177324549440280570
Content-Disposition: form-data; name="full_name"

efkk
----------------------------175522177324549440280570
Content-Disposition: form-data; name="password"

sdkkds
----------------------------175522177324549440280570
Content-Disposition: form-data; name="email"

sai23f@gmail.com
----------------------------175522177324549440280570--
|
2022-08-13 09:20:06|27.25µs|404|POST|/api/todo|127.0.0.1|401 B|9 B|----------------------------847182558367919868701377
Content-Disposition: form-data; name="full_name"

efkk
----------------------------847182558367919868701377
Content-Disposition: form-data; name="password"

sdkkds
----------------------------847182558367919868701377
Content-Disposition: form-data; name="email"

sai23f@gmail.com
----------------------------847182558367919868701377--
|
2022-08-13 09:20:06|78.208µs|404|POST|/api/todo|127.0.0.1|401 B|9 B|----------------------------265629552637995245812893
Content-Disposition: form-data; name="full_name"

efkk
----------------------------265629552637995245812893
Content-Disposition: form-data; name="password"

sdkkds
----------------------------265629552637995245812893
Content-Disposition: form-data; name="email"

sai23f@gmail.com
----------------------------265629552637995245812893--
|
2022-08-13 09:20:06|35.416µs|404|POST|/api/todo|127.0.0.1|401 B|9 B|----------------------------389666372051674958282275
Content-Disposition: form-data; name="full_name"

efkk
----------------------------389666372051674958282275
Content-Disposition: form-data; name="password"

sdkkds
----------------------------389666372051674958282275
Content-Disposition: form-data; name="email"

sai23f@gmail.com
----------------------------389666372051674958282275--
|
2022-08-13 09:20:11|36.75µs|404|GET|/api/todo|127.0.0.1|401 B|9 B|----------------------------439171718983436534592868
Content-Disposition: form-data; name="full_name"

efkk
----------------------------439171718983436534592868
Content-Disposition: form-data; name="password"

sdkkds
----------------------------439171718983436534592868
Content-Disposition: form-data; name="email"

sai23f@gmail.com
----------------------------439171718983436534592868--
|
2022-08-13 09:20:11|31.375µs|404|GET|/api/todo|127.0.0.1|401 B|9 B|----------------------------386642593901717923476376
Content-Disposition: form-data; name="full_name"

efkk
----------------------------386642593901717923476376
Content-Disposition: form-data; name="password"

sdkkds
----------------------------386642593901717923476376
Content-Disposition: form-data; name="email"

sai23f@gmail.com
----------------------------386642593901717923476376--
|
2022-08-13 09:20:12|30µs|404|GET|/api/todo|127.0.0.1|401 B|9 B|----------------------------946501702744133776449576
Content-Disposition: form-data; name="full_name"

efkk
----------------------------946501702744133776449576
Content-Disposition: form-data; name="password"

sdkkds
----------------------------946501702744133776449576
Content-Disposition: form-data; name="email"

sai23f@gmail.com
----------------------------946501702744133776449576--
|
2022-08-13 09:20:56|1.01925ms|404|POST|/api/todo|127.0.0.1|273 B|9 B|----------------------------351597102705271285756104
Content-Disposition: form-data; name="title"

efkk
----------------------------351597102705271285756104
Content-Disposition: form-data; name="body"

sdkkds
----------------------------351597102705271285756104--
|
2022-08-13 09:20:57|38.5µs|404|POST|/api/todo|127.0.0.1|273 B|9 B|----------------------------642564418437979026710054
Content-Disposition: form-data; name="title"

efkk
----------------------------642564418437979026710054
Content-Disposition: form-data; name="body"

sdkkds
----------------------------642564418437979026710054--
|
2022-08-13 09:20:58|41.125µs|404|POST|/api/todo|127.0.0.1|273 B|9 B|----------------------------785161300307641141796025
Content-Disposition: form-data; name="title"

efkk
----------------------------785161300307641141796025
Content-Disposition: form-data; name="body"

sdkkds
----------------------------785161300307641141796025--
|
2022-08-13 09:20:58|33.791µs|404|POST|/api/todo|127.0.0.1|273 B|9 B|----------------------------429798565556767309427938
Content-Disposition: form-data; name="title"

efkk
----------------------------429798565556767309427938
Content-Disposition: form-data; name="body"

sdkkds
----------------------------429798565556767309427938--
|
2022-08-13 09:20:59|35.208µs|404|POST|/api/todo|127.0.0.1|273 B|9 B|----------------------------835729764244344931025763
Content-Disposition: form-data; name="title"

efkk
----------------------------835729764244344931025763
Content-Disposition: form-data; name="body"

sdkkds
----------------------------835729764244344931025763--
|
2022-08-13 09:21:16|32.042µs|404|POST|/api/todo|127.0.0.1|273 B|9 B|----------------------------898529111947274279345087
Content-Disposition: form-data; name="title"

efkk
----------------------------898529111947274279345087
Content-Disposition: form-data; name="body"

sdkkds
----------------------------898529111947274279345087--
|
2022-08-13 09:21:16|48.5µs|404|POST|/api/todo|127.0.0.1|273 B|9 B|----------------------------427549637145057725128207
Content-Disposition: form-data; name="title"

efkk
----------------------------427549637145057725128207
Content-Disposition: form-data; name="body"

sdkkds
----------------------------427549637145057725128207--
|
2022-08-13 09:21:17|36.375µs|404|POST|/api/todo|127.0.0.1|273 B|9 B|----------------------------820933991984456836298719
Content-Disposition: form-data; name="title"

efkk
----------------------------820933991984456836298719
Content-Disposition: form-data; name="body"

sdkkds
----------------------------820933991984456836298719--
|
2022-08-13 09:21:17|34µs|404|POST|/api/todo|127.0.0.1|273 B|9 B|----------------------------338281386975321203468437
Content-Disposition: form-data; name="title"

efkk
----------------------------338281386975321203468437
Content-Disposition: form-data; name="body"

sdkkds
----------------------------338281386975321203468437--
|
2022-08-13 09:21:17|35.708µs|404|POST|/api/todo|127.0.0.1|273 B|9 B|----------------------------278660238074502481543995
Content-Disposition: form-data; name="title"

efkk
----------------------------278660238074502481543995
Content-Disposition: form-data; name="body"

sdkkds
----------------------------278660238074502481543995--
|
2022-08-13 09:21:17|34.959µs|404|POST|/api/todo|127.0.0.1|273 B|9 B|----------------------------302948156382022708935669
Content-Disposition: form-data; name="title"

efkk
----------------------------302948156382022708935669
Content-Disposition: form-data; name="body"

sdkkds
----------------------------302948156382022708935669--
|
2022-08-13 09:21:18|30.208µs|404|POST|/api/todo|127.0.0.1|273 B|9 B|----------------------------853739627722466131737176
Content-Disposition: form-data; name="title"

efkk
----------------------------853739627722466131737176
Content-Disposition: form-data; name="body"

sdkkds
----------------------------853739627722466131737176--
|
2022-08-13 09:21:18|37.5µs|404|POST|/api/todo|127.0.0.1|273 B|9 B|----------------------------959156297276159906939018
Content-Disposition: form-data; name="title"

efkk
----------------------------959156297276159906939018
Content-Disposition: form-data; name="body"

sdkkds
----------------------------959156297276159906939018--
|
2022-08-13 09:21:18|34.917µs|404|POST|/api/todo|127.0.0.1|273 B|9 B|----------------------------147806341252798502781595
Content-Disposition: form-data; name="title"

efkk
----------------------------147806341252798502781595
Content-Disposition: form-data; name="body"

sdkkds
----------------------------147806341252798502781595--
|
2022-08-13 09:21:18|32.333µs|404|POST|/api/todo|127.0.0.1|273 B|9 B|----------------------------591192318662058485264395
Content-Disposition: form-data; name="title"

efkk
----------------------------591192318662058485264395
Content-Disposition: form-data; name="body"

sdkkds
----------------------------591192318662058485264395--
|
2022-08-13 09:21:18|32.5µs|404|POST|/api/todo|127.0.0.1|273 B|9 B|----------------------------948877347816119757450803
Content-Disposition: form-data; name="title"

efkk
----------------------------948877347816119757450803
Content-Disposition: form-data; name="body"

sdkkds
----------------------------948877347816119757450803--
|
2022-08-13 09:21:19|32.125µs|404|POST|/api/todo|127.0.0.1|273 B|9 B|----------------------------136581146577792290094830
Content-Disposition: form-data; name="title"

efkk
----------------------------136581146577792290094830
Content-Disposition: form-data; name="body"

sdkkds
----------------------------136581146577792290094830--
|
2022-08-13 09:21:19|108.25µs|404|POST|/api/todo|127.0.0.1|273 B|9 B|----------------------------170816468470954500227194
Content-Disposition: form-data; name="title"

efkk
----------------------------170816468470954500227194
Content-Disposition: form-data; name="body"

sdkkds
----------------------------170816468470954500227194--
|
2022-08-13 09:21:19|47.958µs|404|POST|/api/todo|127.0.0.1|273 B|9 B|----------------------------409474409120652153628426
Content-Disposition: form-data; name="title"

efkk
----------------------------409474409120652153628426
Content-Disposition: form-data; name="body"

sdkkds
----------------------------409474409120652153628426--
|
2022-08-13 09:21:19|34.833µs|404|POST|/api/todo|127.0.0.1|273 B|9 B|----------------------------629760100790822093223122
Content-Disposition: form-data; name="title"

efkk
----------------------------629760100790822093223122
Content-Disposition: form-data; name="body"

sdkkds
----------------------------629760100790822093223122--
|
2022-08-13 09:21:19|35.833µs|404|POST|/api/todo|127.0.0.1|273 B|9 B|----------------------------765829804523725652188761
Content-Disposition: form-data; name="title"

efkk
----------------------------765829804523725652188761
Content-Disposition: form-data; name="body"

sdkkds
----------------------------765829804523725652188761--
|
2022-08-13 09:21:20|49.125µs|404|POST|/api/todo|127.0.0.1|273 B|9 B|----------------------------532146560617272313082239
Content-Disposition: form-data; name="title"

efkk
----------------------------532146560617272313082239
Content-Disposition: form-data; name="body"

sdkkds
----------------------------532146560617272313082239--
|
2022-08-13 09:21:20|42.708µs|404|POST|/api/todo|127.0.0.1|273 B|9 B|----------------------------240554666003379834382387
Content-Disposition: form-data; name="title"

efkk
----------------------------240554666003379834382387
Content-Disposition: form-data; name="body"

sdkkds
----------------------------240554666003379834382387--
|
2022-08-13 09:21:20|56.75µs|404|POST|/api/todo|127.0.0.1|273 B|9 B|----------------------------681936965599590326532115
Content-Disposition: form-data; name="title"

efkk
----------------------------681936965599590326532115
Content-Disposition: form-data; name="body"

sdkkds
----------------------------681936965599590326532115--
|
2022-08-13 09:21:20|52.916µs|404|POST|/api/todo|127.0.0.1|273 B|9 B|----------------------------653902290481683041171116
Content-Disposition: form-data; name="title"

efkk
----------------------------653902290481683041171116
Content-Disposition: form-data; name="body"

sdkkds
----------------------------653902290481683041171116--
|
2022-08-13 09:21:21|35.333µs|404|POST|/api/todo|127.0.0.1|273 B|9 B|----------------------------742994566843981872965796
Content-Disposition: form-data; name="title"

efkk
----------------------------742994566843981872965796
Content-Disposition: form-data; name="body"

sdkkds
----------------------------742994566843981872965796--
|
2022-08-13 09:21:21|37.042µs|404|POST|/api/todo|127.0.0.1|273 B|9 B|----------------------------364333373529161678765302
Content-Disposition: form-data; name="title"

efkk
----------------------------364333373529161678765302
Content-Disposition: form-data; name="body"

sdkkds
----------------------------364333373529161678765302--
|
2022-08-13 09:21:21|24.542µs|404|POST|/api/todo|127.0.0.1|273 B|9 B|----------------------------671710692566793319065890
Content-Disposition: form-data; name="title"

efkk
----------------------------671710692566793319065890
Content-Disposition: form-data; name="body"

sdkkds
----------------------------671710692566793319065890--
|
2022-08-13 09:21:21|38.667µs|404|POST|/api/todo|127.0.0.1|273 B|9 B|----------------------------273523377772787652860821
Content-Disposition: form-data; name="title"

efkk
----------------------------273523377772787652860821
Content-Disposition: form-data; name="body"

sdkkds
----------------------------273523377772787652860821--
|
2022-08-13 09:21:21|34.375µs|404|POST|/api/todo|127.0.0.1|273 B|9 B|----------------------------165925255423277117543500
Content-Disposition: form-data; name="title"

efkk
----------------------------165925255423277117543500
Content-Disposition: form-data; name="body"

sdkkds
----------------------------165925255423277117543500--
|
2022-08-13 09:21:21|31.584µs|404|POST|/api/todo|127.0.0.1|273 B|9 B|----------------------------430154387479395455021153
Content-Disposition: form-data; name="title"

efkk
----------------------------430154387479395455021153
Content-Disposition: form-data; name="body"

sdkkds
----------------------------430154387479395455021153--
|
2022-08-13 09:21:22|49.042µs|404|POST|/api/todo|127.0.0.1|273 B|9 B|----------------------------645449732125048449187643
Content-Disposition: form-data; name="title"

efkk
----------------------------645449732125048449187643
Content-Disposition: form-data; name="body"

sdkkds
----------------------------645449732125048449187643--
|
2022-08-13 09:21:22|25.917µs|404|POST|/api/todo|127.0.0.1|273 B|9 B|----------------------------212737234429844666356355
Content-Disposition: form-data; name="title"

efkk
----------------------------212737234429844666356355
Content-Disposition: form-data; name="body"

sdkkds
----------------------------212737234429844666356355--
|
2022-08-13 09:21:22|46.666µs|404|POST|/api/todo|127.0.0.1|273 B|9 B|----------------------------819288553612713209812219
Content-Disposition: form-data; name="title"

efkk
----------------------------819288553612713209812219
Content-Disposition: form-data; name="body"

sdkkds
----------------------------819288553612713209812219--
|
2022-08-13 09:21:22|32.875µs|404|POST|/api/todo|127.0.0.1|273 B|9 B|----------------------------325648427964638321601161
Content-Disposition: form-data; name="title"

efkk
----------------------------325648427964638321601161
Content-Disposition: form-data; name="body"

sdkkds
----------------------------325648427964638321601161--
|
2022-08-13 09:21:22|39.5µs|404|POST|/api/todo|127.0.0.1|273 B|9 B|----------------------------037491407721040920443408
Content-Disposition: form-data; name="title"

efkk
----------------------------037491407721040920443408
Content-Disposition: form-data; name="body"

sdkkds
----------------------------037491407721040920443408--
|
2022-08-13 09:21:23|35.292µs|404|POST|/api/todo|127.0.0.1|273 B|9 B|----------------------------198773708924134870392407
Content-Disposition: form-data; name="title"

efkk
----------------------------198773708924134870392407
Content-Disposition: form-data; name="body"

sdkkds
----------------------------198773708924134870392407--
|
2022-08-13 09:21:23|31.792µs|404|POST|/api/todo|127.0.0.1|273 B|9 B|----------------------------973227301896109220798884
Content-Disposition: form-data; name="title"

efkk
----------------------------973227301896109220798884
Content-Disposition: form-data; name="body"

sdkkds
----------------------------973227301896109220798884--
|
2022-08-13 09:21:23|37µs|404|POST|/api/todo|127.0.0.1|273 B|9 B|----------------------------086672344274888468422998
Content-Disposition: form-data; name="title"

efkk
----------------------------086672344274888468422998
Content-Disposition: form-data; name="body"

sdkkds
----------------------------086672344274888468422998--
|
2022-08-13 09:21:23|73.75µs|404|POST|/api/todo|127.0.0.1|273 B|9 B|----------------------------949492214966260403887211
Content-Disposition: form-data; name="title"

efkk
----------------------------949492214966260403887211
Content-Disposition: form-data; name="body"

sdkkds
----------------------------949492214966260403887211--
|
2022-08-13 09:21:23|38.167µs|404|POST|/api/todo|127.0.0.1|273 B|9 B|----------------------------742250670900094206262707
Content-Disposition: form-data; name="title"

efkk
----------------------------742250670900094206262707
Content-Disposition: form-data; name="body"

sdkkds
----------------------------742250670900094206262707--
|
2022-08-13 09:21:24|36.375µs|404|POST|/api/todo|127.0.0.1|273 B|9 B|----------------------------236277501415683375364425
Content-Disposition: form-data; name="title"

efkk
----------------------------236277501415683375364425
Content-Disposition: form-data; name="body"

sdkkds
----------------------------236277501415683375364425--
|
2022-08-13 09:21:24|40.75µs|404|POST|/api/todo|127.0.0.1|273 B|9 B|----------------------------946835516518204482116759
Content-Disposition: form-data; name="title"

efkk
----------------------------946835516518204482116759
Content-Disposition: form-data; name="body"

sdkkds
----------------------------946835516518204482116759--
|
2022-08-13 09:21:27|30.959µs|307|POST|/api/todo/|127.0.0.1|273 B|0 B|----------------------------841880641428648733419083
Content-Disposition: form-data; name="title"

efkk
----------------------------841880641428648733419083
Content-Disposition: form-data; name="body"

sdkkds
----------------------------841880641428648733419083--
|
2022-08-13 09:21:31|29.334µs|307|POST|/api/todo/|127.0.0.1|273 B|0 B|----------------------------385437902637598344581504
Content-Disposition: form-data; name="title"

efkk
----------------------------385437902637598344581504
Content-Disposition: form-data; name="body"

sdkkds
----------------------------385437902637598344581504--
|
2022-08-13 09:21:55|34.125µs|307|POST|/api/todo/|127.0.0.1|273 B|0 B|----------------------------074573078780135812443490
Content-Disposition: form-data; name="title"

efkk
----------------------------074573078780135812443490
Content-Disposition: form-data; name="body"

sdkkds
----------------------------074573078780135812443490--
|
2022-08-13 09:22:00|31.792µs|404|POST|/api/todo|127.0.0.1|273 B|9 B|----------------------------660891171506611334094039
Content-Disposition: form-data; name="title"

efkk
----------------------------660891171506611334094039
Content-Disposition: form-data; name="body"

sdkkds
----------------------------660891171506611334094039--
|
2022-08-13 09:22:00|37.625µs|404|POST|/api/todo|127.0.0.1|273 B|9 B|----------------------------925450708633831428570187
Content-Disposition: form-data; name="title"

efkk
----------------------------925450708633831428570187
Content-Disposition: form-data; name="body"

sdkkds
----------------------------925450708633831428570187--
|
2022-08-13 09:22:01|36.541µs|404|POST|/api/todo|127.0.0.1|273 B|9 B|----------------------------612748041830693978339574
Content-Disposition: form-data; name="title"

efkk
----------------------------612748041830693978339574
Content-Disposition: form-data; name="body"

sdkkds
----------------------------612748041830693978339574--
|
2022-08-13 09:22:01|22.25µs|404|POST|/api/todo|127.0.0.1|273 B|9 B|----------------------------667392984313175786687347
Content-Disposition: form-data; name="title"

efkk
----------------------------667392984313175786687347
Content-Disposition: form-data; name="body"

sdkkds
----------------------------667392984313175786687347--
|
2022-08-13 09:23:35|41.416µs|404|POST|/api/todo/create|127.0.0.1|273 B|9 B|----------------------------044154547946131249837584
Content-Disposition: form-data; name="title"

efkk
----------------------------044154547946131249837584
Content-Disposition: form-data; name="body"

sdkkds
----------------------------044154547946131249837584--
|
2022-08-13 09:23:36|35.333µs|404|POST|/api/todo/create|127.0.0.1|273 B|9 B|----------------------------188551143347441908311583
Content-Disposition: form-data; name="title"

efkk
----------------------------188551143347441908311583
Content-Disposition: form-data; name="body"

sdkkds
----------------------------188551143347441908311583--
|
2022-08-13 09:23:38|36.917µs|404|POST|/api/todo/create|127.0.0.1|273 B|9 B|----------------------------731117615499726998980188
Content-Disposition: form-data; name="title"

efkk
----------------------------731117615499726998980188
Content-Disposition: form-data; name="body"

sdkkds
----------------------------731117615499726998980188--
|
2022-08-13 09:23:39|32.042µs|404|POST|/api/todo/create|127.0.0.1|273 B|9 B|----------------------------834910529844800344420297
Content-Disposition: form-data; name="title"

efkk
----------------------------834910529844800344420297
Content-Disposition: form-data; name="body"

sdkkds
----------------------------834910529844800344420297--
|
2022-08-13 09:23:39|33.458µs|404|POST|/api/todo/create|127.0.0.1|273 B|9 B|----------------------------619100936798639984665586
Content-Disposition: form-data; name="title"

efkk
----------------------------619100936798639984665586
Content-Disposition: form-data; name="body"

sdkkds
----------------------------619100936798639984665586--
|
2022-08-13 09:23:39|36.792µs|404|POST|/api/todo/create|127.0.0.1|273 B|9 B|----------------------------482165259166057348553093
Content-Disposition: form-data; name="title"

efkk
----------------------------482165259166057348553093
Content-Disposition: form-data; name="body"

sdkkds
----------------------------482165259166057348553093--
|
2022-08-13 09:23:39|30.833µs|404|POST|/api/todo/create|127.0.0.1|273 B|9 B|----------------------------318407938939296088522435
Content-Disposition: form-data; name="title"

efkk
----------------------------318407938939296088522435
Content-Disposition: form-data; name="body"

sdkkds
----------------------------318407938939296088522435--
|
2022-08-13 09:23:40|30.959µs|404|POST|/api/todo/create|127.0.0.1|273 B|9 B|----------------------------846991883054208873092909
Content-Disposition: form-data; name="title"

efkk
----------------------------846991883054208873092909
Content-Disposition: form-data; name="body"

sdkkds
----------------------------846991883054208873092909--
|
2022-08-13 09:23:40|33.375µs|404|POST|/api/todo/create|127.0.0.1|273 B|9 B|----------------------------472727721289057683405570
Content-Disposition: form-data; name="title"

efkk
----------------------------472727721289057683405570
Content-Disposition: form-data; name="body"

sdkkds
----------------------------472727721289057683405570--
|
2022-08-13 09:24:50|168.75µs|404|POST|/api/todo/create|127.0.0.1|273 B|9 B|----------------------------368876169195991123962449
Content-Disposition: form-data; name="title"

efkk
----------------------------368876169195991123962449
Content-Disposition: form-data; name="body"

sdkkds
----------------------------368876169195991123962449--
|
2022-08-13 09:24:56|44.292µs|404|POST|/api/todo|127.0.0.1|273 B|9 B|----------------------------388053064002612131862094
Content-Disposition: form-data; name="title"

efkk
----------------------------388053064002612131862094
Content-Disposition: form-data; name="body"

sdkkds
----------------------------388053064002612131862094--
|
2022-08-13 09:24:56|42.209µs|404|POST|/api/todo|127.0.0.1|273 B|9 B|----------------------------835181640030130570913440
Content-Disposition: form-data; name="title"

efkk
----------------------------835181640030130570913440
Content-Disposition: form-data; name="body"

sdkkds
----------------------------835181640030130570913440--
|
2022-08-13 09:24:57|37.125µs|404|POST|/api/todo|127.0.0.1|273 B|9 B|----------------------------334271618177321354987071
Content-Disposition: form-data; name="title"

efkk
----------------------------334271618177321354987071
Content-Disposition: form-data; name="body"

sdkkds
----------------------------334271618177321354987071--
|
2022-08-13 09:24:57|41.75µs|404|POST|/api/todo|127.0.0.1|273 B|9 B|----------------------------366362163396168678566009
Content-Disposition: form-data; name="title"

efkk
----------------------------366362163396168678566009
Content-Disposition: form-data; name="body"

sdkkds
----------------------------366362163396168678566009--
|
2022-08-13 09:24:58|36.542µs|404|POST|/api/todo|127.0.0.1|273 B|9 B|----------------------------381404386574352888875473
Content-Disposition: form-data; name="title"

efkk
----------------------------381404386574352888875473
Content-Disposition: form-data; name="body"

sdkkds
----------------------------381404386574352888875473--
|
2022-08-13 09:24:59|33.125µs|404|POST|/api/todo|127.0.0.1|273 B|9 B|----------------------------995044502127052411477620
Content-Disposition: form-data; name="title"

efkk
----------------------------995044502127052411477620
Content-Disposition: form-data; name="body"

sdkkds
----------------------------995044502127052411477620--
|
2022-08-13 09:25:02|32.208µs|404|POST|/api/todo|127.0.0.1|273 B|9 B|----------------------------472279898839512746727714
Content-Disposition: form-data; name="title"

efkk
----------------------------472279898839512746727714
Content-Disposition: form-data; name="body"

sdkkds
----------------------------472279898839512746727714--
|
2022-08-13 09:25:03|33.667µs|404|POST|/api/todo|127.0.0.1|273 B|9 B|----------------------------882098034586077161517054
Content-Disposition: form-data; name="title"

efkk
----------------------------882098034586077161517054
Content-Disposition: form-data; name="body"

sdkkds
----------------------------882098034586077161517054--
|
2022-08-13 09:25:03|39.208µs|404|POST|/api/todo|127.0.0.1|273 B|9 B|----------------------------298256892377611943105837
Content-Disposition: form-data; name="title"

efkk
----------------------------298256892377611943105837
Content-Disposition: form-data; name="body"

sdkkds
----------------------------298256892377611943105837--
|
2022-08-13 09:25:03|33.792µs|404|POST|/api/todo|127.0.0.1|273 B|9 B|----------------------------961825354492964029889982
Content-Disposition: form-data; name="title"

efkk
----------------------------961825354492964029889982
Content-Disposition: form-data; name="body"

sdkkds
----------------------------961825354492964029889982--
|
2022-08-13 09:25:03|40.875µs|404|POST|/api/todo|127.0.0.1|273 B|9 B|----------------------------682367060231761447809842
Content-Disposition: form-data; name="title"

efkk
----------------------------682367060231761447809842
Content-Disposition: form-data; name="body"

sdkkds
----------------------------682367060231761447809842--
|
2022-08-13 09:25:04|36.25µs|404|POST|/api/todo|127.0.0.1|273 B|9 B|----------------------------526321798770235437517531
Content-Disposition: form-data; name="title"

efkk
----------------------------526321798770235437517531
Content-Disposition: form-data; name="body"

sdkkds
----------------------------526321798770235437517531--
|
2022-08-13 09:25:04|29.333µs|404|POST|/api/todo|127.0.0.1|273 B|9 B|----------------------------773919881539581824962151
Content-Disposition: form-data; name="title"

efkk
----------------------------773919881539581824962151
Content-Disposition: form-data; name="body"

sdkkds
----------------------------773919881539581824962151--
|
2022-08-13 09:25:07|33.375µs|404|GET|/api/todo|127.0.0.1|273 B|9 B|----------------------------773408602247440285364291
Content-Disposition: form-data; name="title"

efkk
----------------------------773408602247440285364291
Content-Disposition: form-data; name="body"

sdkkds
----------------------------773408602247440285364291--
|
2022-08-13 09:25:08|31.084µs|404|GET|/api/todo|127.0.0.1|273 B|9 B|----------------------------519320003213090640772701
Content-Disposition: form-data; name="title"

efkk
----------------------------519320003213090640772701
Content-Disposition: form-data; name="body"

sdkkds
----------------------------519320003213090640772701--
|
2022-08-13 09:25:08|31.042µs|404|GET|/api/todo|127.0.0.1|273 B|9 B|----------------------------620813422089689466084349
Content-Disposition: form-data; name="title"

efkk
----------------------------620813422089689466084349
Content-Disposition: form-data; name="body"

sdkkds
----------------------------620813422089689466084349--
|
2022-08-13 09:25:11|37.25µs|404|POST|/api/todo|127.0.0.1|273 B|9 B|----------------------------887110333174820417369601
Content-Disposition: form-data; name="title"

efkk
----------------------------887110333174820417369601
Content-Disposition: form-data; name="body"

sdkkds
----------------------------887110333174820417369601--
|
2022-08-13 09:25:11|43.5µs|404|POST|/api/todo|127.0.0.1|273 B|9 B|----------------------------666402243863405400904026
Content-Disposition: form-data; name="title"

efkk
----------------------------666402243863405400904026
Content-Disposition: form-data; name="body"

sdkkds
----------------------------666402243863405400904026--
|
2022-08-13 09:25:12|32.375µs|404|POST|/api/todo|127.0.0.1|273 B|9 B|----------------------------535884906042533190381570
Content-Disposition: form-data; name="title"

efkk
----------------------------535884906042533190381570
Content-Disposition: form-data; name="body"

sdkkds
----------------------------535884906042533190381570--
|
2022-08-13 09:25:12|20.584µs|404|POST|/api/todo|127.0.0.1|273 B|9 B|----------------------------264514461557877158060046
Content-Disposition: form-data; name="title"

efkk
----------------------------264514461557877158060046
Content-Disposition: form-data; name="body"

sdkkds
----------------------------264514461557877158060046--
|
2022-08-13 09:25:12|34.834µs|404|POST|/api/todo|127.0.0.1|273 B|9 B|----------------------------334075947921359335918841
Content-Disposition: form-data; name="title"

efkk
----------------------------334075947921359335918841
Content-Disposition: form-data; name="body"

sdkkds
----------------------------334075947921359335918841--
|
2022-08-13 09:25:12|39.375µs|404|POST|/api/todo|127.0.0.1|273 B|9 B|----------------------------546011773578505609401691
Content-Disposition: form-data; name="title"

efkk
----------------------------546011773578505609401691
Content-Disposition: form-data; name="body"

sdkkds
----------------------------546011773578505609401691--
|
2022-08-13 09:25:13|28.292µs|404|POST|/api/todo|127.0.0.1|273 B|9 B|----------------------------447700350635892566197011
Content-Disposition: form-data; name="title"

efkk
----------------------------447700350635892566197011
Content-Disposition: form-data; name="body"

sdkkds
----------------------------447700350635892566197011--
|
2022-08-13 09:25:13|910.083µs|404|POST|/api/todo|127.0.0.1|273 B|9 B|----------------------------434145296671400504074254
Content-Disposition: form-data; name="title"

efkk
----------------------------434145296671400504074254
Content-Disposition: form-data; name="body"

sdkkds
----------------------------434145296671400504074254--
|
2022-08-13 09:25:13|45.708µs|404|POST|/api/todo|127.0.0.1|273 B|9 B|----------------------------568302928865122813563035
Content-Disposition: form-data; name="title"

efkk
----------------------------568302928865122813563035
Content-Disposition: form-data; name="body"

sdkkds
----------------------------568302928865122813563035--
|
2022-08-13 09:25:25|30.792µs|404|POST|/api/todo|127.0.0.1|273 B|9 B|----------------------------565741306416706646644264
Content-Disposition: form-data; name="title"

efkk
----------------------------565741306416706646644264
Content-Disposition: form-data; name="body"

sdkkds
----------------------------565741306416706646644264--
|
2022-08-13 09:25:26|36.084µs|404|POST|/api/todo|127.0.0.1|273 B|9 B|----------------------------006543103866275759229962
Content-Disposition: form-data; name="title"

efkk
----------------------------006543103866275759229962
Content-Disposition: form-data; name="body"

sdkkds
----------------------------006543103866275759229962--
|
2022-08-13 09:25:27|413.333µs|404|POST|/api/todo|127.0.0.1|273 B|9 B|----------------------------352439809232847422782018
Content-Disposition: form-data; name="title"

efkk
----------------------------352439809232847422782018
Content-Disposition: form-data; name="body"

sdkkds
----------------------------352439809232847422782018--
|
2022-08-13 09:25:27|41.417µs|404|POST|/api/todo|127.0.0.1|273 B|9 B|----------------------------203937589526774954793853
Content-Disposition: form-data; name="title"

efkk
----------------------------203937589526774954793853
Content-Disposition: form-data; name="body"

sdkkds
----------------------------203937589526774954793853--
|
2022-08-13 09:25:28|46.167µs|404|POST|/api/todo|127.0.0.1|273 B|9 B|----------------------------098516832812048218875663
Content-Disposition: form-data; name="title"

efkk
----------------------------098516832812048218875663
Content-Disposition: form-data; name="body"

sdkkds
----------------------------098516832812048218875663--
|
2022-08-13 09:25:28|37.084µs|404|POST|/api/todo|127.0.0.1|273 B|9 B|----------------------------199499952438581221594297
Content-Disposition: form-data; name="title"

efkk
----------------------------199499952438581221594297
Content-Disposition: form-data; name="body"

sdkkds
----------------------------199499952438581221594297--
|
2022-08-13 09:25:29|34µs|404|POST|/api/todo|127.0.0.1|273 B|9 B|----------------------------445418094281757155322180
Content-Disposition: form-data; name="title"

efkk
----------------------------445418094281757155322180
Content-Disposition: form-data; name="body"

sdkkds
----------------------------445418094281757155322180--
|
2022-08-13 09:25:30|50.959µs|404|POST|/api/todo|127.0.0.1|273 B|9 B|----------------------------113168526356073950390902
Content-Disposition: form-data; name="title"

efkk
----------------------------113168526356073950390902
Content-Disposition: form-data; name="body"

sdkkds
----------------------------113168526356073950390902--
|
2022-08-13 09:25:30|29.917µs|404|POST|/api/todo|127.0.0.1|273 B|9 B|----------------------------145812427216016444968666
Content-Disposition: form-data; name="title"

efkk
----------------------------145812427216016444968666
Content-Disposition: form-data; name="body"

sdkkds
----------------------------145812427216016444968666--
|
2022-08-13 09:25:31|20.875µs|404|POST|/api/todo|127.0.0.1|273 B|9 B|----------------------------865562122953749750513360
Content-Disposition: form-data; name="title"

efkk
----------------------------865562122953749750513360
Content-Disposition: form-data; name="body"

sdkkds
----------------------------865562122953749750513360--
|
2022-08-13 09:25:32|57.083µs|404|POST|/api/todo|127.0.0.1|273 B|9 B|----------------------------746113347259359165796199
Content-Disposition: form-data; name="title"

efkk
----------------------------746113347259359165796199
Content-Disposition: form-data; name="body"

sdkkds
----------------------------746113347259359165796199--
|
2022-08-13 09:25:36|35.458µs|404|POST|/api/todo|127.0.0.1|273 B|9 B|----------------------------680565476970813207356527
Content-Disposition: form-data; name="title"

efkk
----------------------------680565476970813207356527
Content-Disposition: form-data; name="body"

sdkkds
----------------------------680565476970813207356527--
|
2022-08-13 09:25:36|33.625µs|404|POST|/api/todo|127.0.0.1|273 B|9 B|----------------------------543848350393147815774586
Content-Disposition: form-data; name="title"

efkk
----------------------------543848350393147815774586
Content-Disposition: form-data; name="body"

sdkkds
----------------------------543848350393147815774586--
|
2022-08-13 09:25:37|30.5µs|404|POST|/api/todo|127.0.0.1|273 B|9 B|----------------------------695514955088109606651926
Content-Disposition: form-data; name="title"

efkk
----------------------------695514955088109606651926
Content-Disposition: form-data; name="body"

sdkkds
----------------------------695514955088109606651926--
|
2022-08-13 09:25:38|59.708µs|404|POST|/api/todo|127.0.0.1|273 B|9 B|----------------------------925002713011093188893316
Content-Disposition: form-data; name="title"

efkk
----------------------------925002713011093188893316
Content-Disposition: form-data; name="body"

sdkkds
----------------------------925002713011093188893316--
|
2022-08-13 09:25:38|32.209µs|404|POST|/api/todo|127.0.0.1|273 B|9 B|----------------------------060420997502068713865394
Content-Disposition: form-data; name="title"

efkk
----------------------------060420997502068713865394
Content-Disposition: form-data; name="body"

sdkkds
----------------------------060420997502068713865394--
|
2022-08-13 09:25:39|24.041µs|404|POST|/api/todo|127.0.0.1|273 B|9 B|----------------------------427490079677506219486622
Content-Disposition: form-data; name="title"

efkk
----------------------------427490079677506219486622
Content-Disposition: form-data; name="body"

sdkkds
----------------------------427490079677506219486622--
|
2022-08-13 09:25:39|33.375µs|404|POST|/api/todo|127.0.0.1|273 B|9 B|----------------------------564059570352842806007158
Content-Disposition: form-data; name="title"

efkk
----------------------------564059570352842806007158
Content-Disposition: form-data; name="body"

sdkkds
----------------------------564059570352842806007158--
|
2022-08-13 09:25:39|33.917µs|404|POST|/api/todo|127.0.0.1|273 B|9 B|----------------------------276903741543870874501948
Content-Disposition: form-data; name="title"

efkk
----------------------------276903741543870874501948
Content-Disposition: form-data; name="body"

sdkkds
----------------------------276903741543870874501948--
|
2022-08-13 09:25:40|33.5µs|404|POST|/api/todo|127.0.0.1|273 B|9 B|----------------------------041703397031845547783866
Content-Disposition: form-data; name="title"

efkk
----------------------------041703397031845547783866
Content-Disposition: form-data; name="body"

sdkkds
----------------------------041703397031845547783866--
|
2022-08-13 09:25:40|35.208µs|404|POST|/api/todo|127.0.0.1|273 B|9 B|----------------------------144797759585252809593285
Content-Disposition: form-data; name="title"

efkk
----------------------------144797759585252809593285
Content-Disposition: form-data; name="body"

sdkkds
----------------------------144797759585252809593285--
|
2022-08-13 10:39:19|517.292µs|404|POST|/api/todo|127.0.0.1|273 B|9 B|----------------------------156644387138338662292810
Content-Disposition: form-data; name="title"

efkk
----------------------------156644387138338662292810
Content-Disposition: form-data; name="body"

sdkkds
----------------------------156644387138338662292810--
|
2022-08-13 10:39:19|32.167µs|404|POST|/api/todo|127.0.0.1|273 B|9 B|----------------------------895833950835704667038768
Content-Disposition: form-data; name="title"

efkk
----------------------------895833950835704667038768
Content-Disposition: form-data; name="body"

sdkkds
----------------------------895833950835704667038768--
|
2022-08-13 10:39:19|27µs|404|POST|/api/todo|127.0.0.1|273 B|9 B|----------------------------860058296259813565957116
Content-Disposition: form-data; name="title"

efkk
----------------------------860058296259813565957116
Content-Disposition: form-data; name="body"

sdkkds
----------------------------860058296259813565957116--
|
2022-08-13 10:39:20|30.792µs|404|POST|/api/todo|127.0.0.1|273 B|9 B|----------------------------020778424971521007080326
Content-Disposition: form-data; name="title"

efkk
----------------------------020778424971521007080326
Content-Disposition: form-data; name="body"

sdkkds
----------------------------020778424971521007080326--
|
2022-08-13 10:39:20|39.166µs|404|POST|/api/todo|127.0.0.1|273 B|9 B|----------------------------003118747750692329040591
Content-Disposition: form-data; name="title"

efkk
----------------------------003118747750692329040591
Content-Disposition: form-data; name="body"

sdkkds
----------------------------003118747750692329040591--
|
2022-08-13 10:39:20|34.083µs|404|POST|/api/todo|127.0.0.1|273 B|9 B|----------------------------269890193667960754190334
Content-Disposition: form-data; name="title"

efkk
----------------------------269890193667960754190334
Content-Disposition: form-data; name="body"

sdkkds
----------------------------269890193667960754190334--
|
2022-08-13 10:39:20|24.833µs|404|POST|/api/todo|127.0.0.1|273 B|9 B|----------------------------284833299903648742382476
Content-Disposition: form-data; name="title"

efkk
----------------------------284833299903648742382476
Content-Disposition: form-data; name="body"

sdkkds
----------------------------284833299903648742382476--
|
2022-08-13 10:39:21|28.458µs|404|POST|/api/todo|127.0.0.1|273 B|9 B|----------------------------951127507818813425180601
Content-Disposition: form-data; name="title"

efkk
----------------------------951127507818813425180601
Content-Disposition: form-data; name="body"

sdkkds
----------------------------951127507818813425180601--
|
2022-08-13 10:39:21|40.5µs|404|POST|/api/todo|127.0.0.1|273 B|9 B|----------------------------622090632122251457931495
Content-Disposition: form-data; name="title"

efkk
----------------------------622090632122251457931495
Content-Disposition: form-data; name="body"

sdkkds
----------------------------622090632122251457931495--
|
2022-08-13 10:39:26|2.096458ms|400|POST|/api/user|127.0.0.1|0 B|47 B|error(schema: invalid path "title" (and 1 other error))|
2022-08-13 10:39:26|158.25µs|400|POST|/api/user|127.0.0.1|0 B|48 B|error(schema: invalid path "title" (and 1 other error))|
2022-08-13 10:39:29|5.251791ms|200|POST|/api/user|127.0.0.1|0 B|0 B||
2022-08-13 10:39:30|761.25µs|200|POST|/api/user|127.0.0.1|0 B|0 B||
2022-08-13 10:39:34|3.746917ms|201|POST|/api/user|127.0.0.1|0 B|167 B||
2022-08-13 10:39:42|34.875µs|404|POST|/api/login|127.0.0.1|289 B|9 B|----------------------------168971317107505145873149
Content-Disposition: form-data; name="email"

sai2f@gmail.com
----------------------------168971317107505145873149
Content-Disposition: form-data; name="password"

2378923
----------------------------168971317107505145873149--
|
2022-08-13 10:39:44|43.125µs|404|POST|/api/login|127.0.0.1|289 B|9 B|----------------------------649731890068878771269032
Content-Disposition: form-data; name="email"

sai2f@gmail.com
----------------------------649731890068878771269032
Content-Disposition: form-data; name="password"

2378923
----------------------------649731890068878771269032--
|
2022-08-13 10:39:44|33.5µs|404|POST|/api/login|127.0.0.1|289 B|9 B|----------------------------834750475380843554434038
Content-Disposition: form-data; name="email"

sai2f@gmail.com
----------------------------834750475380843554434038
Content-Disposition: form-data; name="password"

2378923
----------------------------834750475380843554434038--
|
2022-08-13 10:39:45|27.25µs|404|POST|/api/login|127.0.0.1|289 B|9 B|----------------------------690304363648560269924057
Content-Disposition: form-data; name="email"

sai2f@gmail.com
----------------------------690304363648560269924057
Content-Disposition: form-data; name="password"

2378923
----------------------------690304363648560269924057--
|
2022-08-13 10:39:47|42.917µs|404|POST|/api/login|127.0.0.1|399 B|9 B|----------------------------865464689865093712207701
Content-Disposition: form-data; name="full_name"

SA
----------------------------865464689865093712207701
Content-Disposition: form-data; name="email"

sai2f@gmail.com
----------------------------865464689865093712207701
Content-Disposition: form-data; name="password"

2378923
----------------------------865464689865093712207701--
|
2022-08-13 10:39:48|31.875µs|404|POST|/api/login|127.0.0.1|399 B|9 B|----------------------------026348213341832279975916
Content-Disposition: form-data; name="full_name"

SA
----------------------------026348213341832279975916
Content-Disposition: form-data; name="email"

sai2f@gmail.com
----------------------------026348213341832279975916
Content-Disposition: form-data; name="password"

2378923
----------------------------026348213341832279975916--
|
2022-08-13 10:41:27|383.458µs|404|POST|/api/login|127.0.0.1|399 B|9 B|----------------------------571433043323037695489668
Content-Disposition: form-data; name="full_name"

SA
----------------------------571433043323037695489668
Content-Disposition: form-data; name="email"

sai2f@gmail.com
----------------------------571433043323037695489668
Content-Disposition: form-data; name="password"

2378923
----------------------------571433043323037695489668--
|
2022-08-13 10:41:29|33.291µs|404|POST|/api/login|127.0.0.1|399 B|9 B|----------------------------462234414704996384653081
Content-Disposition: form-data; name="full_name"

SA
----------------------------462234414704996384653081
Content-Disposition: form-data; name="email"

sai2f@gmail.com
----------------------------462234414704996384653081
Content-Disposition: form-data; name="password"

2378923
----------------------------462234414704996384653081--
|
2022-08-13 10:41:31|33.208µs|404|POST|/api/login|127.0.0.1|399 B|9 B|----------------------------556899980465509862826860
Content-Disposition: form-data; name="full_name"

SA
----------------------------556899980465509862826860
Content-Disposition: form-data; name="email"

sai2f@gmail.com
----------------------------556899980465509862826860
Content-Disposition: form-data; name="password"

2378923
----------------------------556899980465509862826860--
|
2022-08-13 10:41:32|33.041µs|404|POST|/api/login|127.0.0.1|399 B|9 B|----------------------------864342004111499730430844
Content-Disposition: form-data; name="full_name"

SA
----------------------------864342004111499730430844
Content-Disposition: form-data; name="email"

sai2f@gmail.com
----------------------------864342004111499730430844
Content-Disposition: form-data; name="password"

2378923
----------------------------864342004111499730430844--
|
2022-08-13 10:41:32|28.209µs|404|POST|/api/login|127.0.0.1|399 B|9 B|----------------------------417990220951147070014886
Content-Disposition: form-data; name="full_name"

SA
----------------------------417990220951147070014886
Content-Disposition: form-data; name="email"

sai2f@gmail.com
----------------------------417990220951147070014886
Content-Disposition: form-data; name="password"

2378923
----------------------------417990220951147070014886--
|
2022-08-13 10:41:32|37.458µs|404|POST|/api/login|127.0.0.1|399 B|9 B|----------------------------160376957367762175517457
Content-Disposition: form-data; name="full_name"

SA
----------------------------160376957367762175517457
Content-Disposition: form-data; name="email"

sai2f@gmail.com
----------------------------160376957367762175517457
Content-Disposition: form-data; name="password"

2378923
----------------------------160376957367762175517457--
|
2022-08-13 10:41:32|31.375µs|404|POST|/api/login|127.0.0.1|399 B|9 B|----------------------------911917860835591085027170
Content-Disposition: form-data; name="full_name"

SA
----------------------------911917860835591085027170
Content-Disposition: form-data; name="email"

sai2f@gmail.com
----------------------------911917860835591085027170
Content-Disposition: form-data; name="password"

2378923
----------------------------911917860835591085027170--
|
2022-08-13 10:41:32|35.125µs|404|POST|/api/login|127.0.0.1|399 B|9 B|----------------------------422792160005364403986147
Content-Disposition: form-data; name="full_name"

SA
----------------------------422792160005364403986147
Content-Disposition: form-data; name="email"

sai2f@gmail.com
----------------------------422792160005364403986147
Content-Disposition: form-data; name="password"

2378923
----------------------------422792160005364403986147--
|
2022-08-13 10:41:45|36.333µs|404|POST|/api/login|127.0.0.1|399 B|9 B|----------------------------906012688002514336616508
Content-Disposition: form-data; name="full_name"

SA
----------------------------906012688002514336616508
Content-Disposition: form-data; name="email"

sai2f@gmail.com
----------------------------906012688002514336616508
Content-Disposition: form-data; name="password"

2378923
----------------------------906012688002514336616508--
|
2022-08-13 10:41:45|49.833µs|404|POST|/api/login|127.0.0.1|399 B|9 B|----------------------------925245882677342621194347
Content-Disposition: form-data; name="full_name"

SA
----------------------------925245882677342621194347
Content-Disposition: form-data; name="email"

sai2f@gmail.com
----------------------------925245882677342621194347
Content-Disposition: form-data; name="password"

2378923
----------------------------925245882677342621194347--
|
2022-08-13 10:41:45|33.25µs|404|POST|/api/login|127.0.0.1|399 B|9 B|----------------------------250979562787612561697512
Content-Disposition: form-data; name="full_name"

SA
----------------------------250979562787612561697512
Content-Disposition: form-data; name="email"

sai2f@gmail.com
----------------------------250979562787612561697512
Content-Disposition: form-data; name="password"

2378923
----------------------------250979562787612561697512--
|
2022-08-13 10:41:46|109.666µs|404|POST|/api/login|127.0.0.1|399 B|9 B|----------------------------159001212009808460958299
Content-Disposition: form-data; name="full_name"

SA
----------------------------159001212009808460958299
Content-Disposition: form-data; name="email"

sai2f@gmail.com
----------------------------159001212009808460958299
Content-Disposition: form-data; name="password"

2378923
----------------------------159001212009808460958299--
|
2022-08-13 10:57:51|65µs|404|POST|/api/login|127.0.0.1|399 B|9 B|----------------------------022993828697931832121014
Content-Disposition: form-data; name="full_name"

SA
----------------------------022993828697931832121014
Content-Disposition: form-data; name="email"

sai2f@gmail.com
----------------------------022993828697931832121014
Content-Disposition: form-data; name="password"

2378923
----------------------------022993828697931832121014--
|
2022-08-13 10:57:51|34.959µs|404|POST|/api/login|127.0.0.1|399 B|9 B|----------------------------704654655012896319602102
Content-Disposition: form-data; name="full_name"

SA
----------------------------704654655012896319602102
Content-Disposition: form-data; name="email"

sai2f@gmail.com
----------------------------704654655012896319602102
Content-Disposition: form-data; name="password"

2378923
----------------------------704654655012896319602102--
|
2022-08-13 10:57:59|31.042µs|404|POST|/api/todo|127.0.0.1|399 B|9 B|----------------------------358025721820900218313033
Content-Disposition: form-data; name="full_name"

SA
----------------------------358025721820900218313033
Content-Disposition: form-data; name="email"

sai2f@gmail.com
----------------------------358025721820900218313033
Content-Disposition: form-data; name="password"

2378923
----------------------------358025721820900218313033--
|
2022-08-13 10:57:59|38.791µs|404|POST|/api/todo|127.0.0.1|399 B|9 B|----------------------------742378911557047178571532
Content-Disposition: form-data; name="full_name"

SA
----------------------------742378911557047178571532
Content-Disposition: form-data; name="email"

sai2f@gmail.com
----------------------------742378911557047178571532
Content-Disposition: form-data; name="password"

2378923
----------------------------742378911557047178571532--
|
2022-08-13 10:58:10|35.291µs|404|POST|/api/todo|127.0.0.1|273 B|9 B|----------------------------967600542971684155781865
Content-Disposition: form-data; name="title"

efkk
----------------------------967600542971684155781865
Content-Disposition: form-data; name="body"

sdkkds
----------------------------967600542971684155781865--
|
2022-08-13 10:58:11|37.166µs|404|POST|/api/todo|127.0.0.1|273 B|9 B|----------------------------688620622183346718518510
Content-Disposition: form-data; name="title"

efkk
----------------------------688620622183346718518510
Content-Disposition: form-data; name="body"

sdkkds
----------------------------688620622183346718518510--
|
2022-08-13 10:58:14|32.709µs|404|POST|/api/todo|127.0.0.1|273 B|9 B|----------------------------586209156049613443699025
Content-Disposition: form-data; name="title"

efkk
----------------------------586209156049613443699025
Content-Disposition: form-data; name="body"

sdkkds
----------------------------586209156049613443699025--
|
2022-08-13 10:58:15|37µs|404|POST|/api/todo|127.0.0.1|273 B|9 B|----------------------------098784697602674115642765
Content-Disposition: form-data; name="title"

efkk
----------------------------098784697602674115642765
Content-Disposition: form-data; name="body"

sdkkds
----------------------------098784697602674115642765--
|
2022-08-13 10:58:24|33.417µs|404|POST|/api/todo|127.0.0.1|273 B|9 B|----------------------------115364324617307671428599
Content-Disposition: form-data; name="title"

efkk
----------------------------115364324617307671428599
Content-Disposition: form-data; name="body"

sdkkds
----------------------------115364324617307671428599--
|
2022-08-13 10:58:25|30.292µs|404|POST|/api/todo|127.0.0.1|273 B|9 B|----------------------------989730301542638405437089
Content-Disposition: form-data; name="title"

efkk
----------------------------989730301542638405437089
Content-Disposition: form-data; name="body"

sdkkds
----------------------------989730301542638405437089--
|
2022-08-13 10:58:25|32.458µs|404|POST|/api/todo|127.0.0.1|273 B|9 B|----------------------------421279414595760101464281
Content-Disposition: form-data; name="title"

efkk
----------------------------421279414595760101464281
Content-Disposition: form-data; name="body"

sdkkds
----------------------------421279414595760101464281--
|
2022-08-13 10:58:25|44.833µs|404|POST|/api/todo|127.0.0.1|273 B|9 B|----------------------------987674813164498783414166
Content-Disposition: form-data; name="title"

efkk
----------------------------987674813164498783414166
Content-Disposition: form-data; name="body"

sdkkds
----------------------------987674813164498783414166--
|
2022-08-13 10:58:25|26.416µs|404|POST|/api/todo|127.0.0.1|273 B|9 B|----------------------------038438372053632397262204
Content-Disposition: form-data; name="title"

efkk
----------------------------038438372053632397262204
Content-Disposition: form-data; name="body"

sdkkds
----------------------------038438372053632397262204--
|
2022-08-13 10:58:25|34.458µs|404|POST|/api/todo|127.0.0.1|273 B|9 B|----------------------------006296912794118054740738
Content-Disposition: form-data; name="title"

efkk
----------------------------006296912794118054740738
Content-Disposition: form-data; name="body"

sdkkds
----------------------------006296912794118054740738--
|
2022-08-13 10:58:26|1.486917ms|404|POST|/api/todo|127.0.0.1|273 B|9 B|----------------------------815192235548375647690884
Content-Disposition: form-data; name="title"

efkk
----------------------------815192235548375647690884
Content-Disposition: form-data; name="body"

sdkkds
----------------------------815192235548375647690884--
|
2022-08-13 10:58:26|43.166µs|404|POST|/api/todo|127.0.0.1|273 B|9 B|----------------------------435936495707263099473530
Content-Disposition: form-data; name="title"

efkk
----------------------------435936495707263099473530
Content-Disposition: form-data; name="body"

sdkkds
----------------------------435936495707263099473530--
|
2022-08-13 10:58:27|37.125µs|404|POST|/api/todo|127.0.0.1|273 B|9 B|----------------------------436288299953651905588494
Content-Disposition: form-data; name="title"

efkk
----------------------------436288299953651905588494
Content-Disposition: form-data; name="body"

sdkkds
----------------------------436288299953651905588494--
|
2022-08-13 10:58:27|30.917µs|404|POST|/api/todo|127.0.0.1|273 B|9 B|----------------------------092892091123596550468423
Content-Disposition: form-data; name="title"

efkk
----------------------------092892091123596550468423
Content-Disposition: form-data; name="body"

sdkkds
----------------------------092892091123596550468423--
|
2022-08-13 10:58:37|35.667µs|404|POST|/api/todo|127.0.0.1|273 B|9 B|----------------------------173938543979927327248974
Content-Disposition: form-data; name="title"

efkk
----------------------------173938543979927327248974
Content-Disposition: form-data; name="body"

sdkkds
----------------------------173938543979927327248974--
|
2022-08-13 10:58:38|32.666µs|404|POST|/api/todo|127.0.0.1|273 B|9 B|----------------------------495506221251009293763764
Content-Disposition: form-data; name="title"

efkk
----------------------------495506221251009293763764
Content-Disposition: form-data; name="body"

sdkkds
----------------------------495506221251009293763764--
|
2022-08-13 10:58:38|45.541µs|404|POST|/api/todo|127.0.0.1|273 B|9 B|----------------------------064841350739894056781945
Content-Disposition: form-data; name="title"

efkk
----------------------------064841350739894056781945
Content-Disposition: form-data; name="body"

sdkkds
----------------------------064841350739894056781945--
|
2022-08-13 11:10:29|2.869667ms|201|POST|/api/user|127.0.0.1|0 B|167 B||
2022-08-13 11:10:48|59.958µs|404|POST|/api/todo|127.0.0.1|273 B|9 B|----------------------------151387087531553158701412
Content-Disposition: form-data; name="title"

efkk
----------------------------151387087531553158701412
Content-Disposition: form-data; name="body"

sdkkds
----------------------------151387087531553158701412--
|
2022-08-13 11:11:35|58.167µs|404|POST|/api/todo|127.0.0.1|273 B|9 B|----------------------------525936537500694856099983
Content-Disposition: form-data; name="title"

efkk
----------------------------525936537500694856099983
Content-Disposition: form-data; name="body"

sdkkds
----------------------------525936537500694856099983--
|
2022-08-13 11:11:36|29µs|404|POST|/api/todo|127.0.0.1|273 B|9 B|----------------------------261476148190983738783548
Content-Disposition: form-data; name="title"

efkk
----------------------------261476148190983738783548
Content-Disposition: form-data; name="body"

sdkkds
----------------------------261476148190983738783548--
|
2022-08-13 11:12:08|5.616875ms|201|POST|/api/todo|127.0.0.1|0 B|152 B||
2022-08-13 11:12:22|4.379041ms|200|PATCH|/api/todo/1|127.0.0.1|id=1|0 B|154 B||
2022-08-13 11:12:24|2.857209ms|200|PATCH|/api/todo/1|127.0.0.1|id=1|0 B|154 B||
2022-08-13 11:12:24|1.923333ms|200|PATCH|/api/todo/1|127.0.0.1|id=1|0 B|154 B||
2022-08-13 11:12:25|2.005333ms|200|PATCH|/api/todo/1|127.0.0.1|id=1|0 B|154 B||
2022-08-13 11:12:25|1.999042ms|200|PATCH|/api/todo/1|127.0.0.1|id=1|0 B|154 B||
2022-08-13 11:12:26|1.947667ms|200|PATCH|/api/todo/1|127.0.0.1|id=1|0 B|153 B||
2022-08-13 11:12:26|1.507209ms|200|PATCH|/api/todo/1|127.0.0.1|id=1|0 B|154 B||
2022-08-13 11:12:26|1.410667ms|200|PATCH|/api/todo/1|127.0.0.1|id=1|0 B|154 B||
2022-08-13 11:12:26|1.511375ms|200|PATCH|/api/todo/1|127.0.0.1|id=1|0 B|154 B||
2022-08-13 11:12:26|1.57825ms|200|PATCH|/api/todo/1|127.0.0.1|id=1|0 B|154 B||
2022-08-13 11:12:27|1.419791ms|200|PATCH|/api/todo/1|127.0.0.1|id=1|0 B|154 B||
2022-08-13 11:12:27|1.399875ms|200|PATCH|/api/todo/1|127.0.0.1|id=1|0 B|154 B||
2022-08-13 11:12:27|1.415791ms|200|PATCH|/api/todo/1|127.0.0.1|id=1|0 B|154 B||
2022-08-13 11:12:27|1.468208ms|200|PATCH|/api/todo/1|127.0.0.1|id=1|0 B|154 B||
2022-08-13 11:12:27|1.62975ms|200|PATCH|/api/todo/1|127.0.0.1|id=1|0 B|154 B||
2022-08-13 11:12:27|1.773209ms|200|PATCH|/api/todo/1|127.0.0.1|id=1|0 B|153 B||
2022-08-13 11:12:28|1.750708ms|200|PATCH|/api/todo/1|127.0.0.1|id=1|0 B|154 B||
2022-08-13 11:12:28|1.92375ms|200|PATCH|/api/todo/1|127.0.0.1|id=1|0 B|154 B||
2022-08-13 11:12:28|1.384917ms|200|PATCH|/api/todo/1|127.0.0.1|id=1|0 B|154 B||
2022-08-13 11:12:28|1.562ms|200|PATCH|/api/todo/1|127.0.0.1|id=1|0 B|154 B||
2022-08-13 11:12:28|1.628125ms|200|PATCH|/api/todo/1|127.0.0.1|id=1|0 B|154 B||
2022-08-13 11:12:28|1.310417ms|200|PATCH|/api/todo/1|127.0.0.1|id=1|0 B|154 B||
2022-08-13 11:12:29|1.512791ms|200|PATCH|/api/todo/1|127.0.0.1|id=1|0 B|154 B||
2022-08-13 11:12:29|1.648042ms|200|PATCH|/api/todo/1|127.0.0.1|id=1|0 B|154 B||
2022-08-13 11:12:29|1.623417ms|200|PATCH|/api/todo/1|127.0.0.1|id=1|0 B|154 B||
2022-08-13 11:12:29|1.64475ms|200|PATCH|/api/todo/1|127.0.0.1|id=1|0 B|154 B||
2022-08-13 11:12:29|1.574958ms|200|PATCH|/api/todo/1|127.0.0.1|id=1|0 B|154 B||
2022-08-13 11:12:29|1.5ms|200|PATCH|/api/todo/1|127.0.0.1|id=1|0 B|154 B||
2022-08-13 11:12:30|1.812834ms|200|PATCH|/api/todo/1|127.0.0.1|id=1|0 B|154 B||
2022-08-13 11:12:30|1.873125ms|200|PATCH|/api/todo/1|127.0.0.1|id=1|0 B|154 B||
2022-08-13 11:12:30|2.114875ms|200|PATCH|/api/todo/1|127.0.0.1|id=1|0 B|154 B||
2022-08-13 11:12:32|1.89275ms|200|PATCH|/api/todo/1|127.0.0.1|id=1|0 B|154 B||
2022-08-13 11:12:33|1.904083ms|200|PATCH|/api/todo/1|127.0.0.1|id=1|0 B|154 B||
2022-08-13 11:12:33|2.133625ms|200|PATCH|/api/todo/1|127.0.0.1|id=1|0 B|154 B||
2022-08-13 11:13:30|2.246916ms|201|POST|/api/todo|127.0.0.1|0 B|148 B||
2022-08-13 11:13:31|1.666792ms|201|POST|/api/todo|127.0.0.1|0 B|148 B||
2022-08-13 11:15:06|62.709µs|307|POST|/api/|127.0.0.1|275 B|0 B|----------------------------496387150763632657902484
Content-Disposition: form-data; name="title"

efkkdf
----------------------------496387150763632657902484
Content-Disposition: form-data; name="body"

sdkkds
----------------------------496387150763632657902484--
|
